<?xml version="1.0" encoding="UTF-8"?>
<!-- Generated by org.testng.reporters.JUnitXMLReporter -->
<testsuite ignored="0" hostname="Macs-MacBook-Pro.local" failures="1" tests="3" name="Test" time="15.281" errors="0" timestamp="2024-03-03T18:01:42 IST">
  <testcase classname="TestNGDemo.NopCommerceTests" name="testLogo" time="3.761"/>
  <testcase classname="TestNGDemo.NopCommerceTests" name="testLogin" time="0.027">
    <failure type="java.lang.AssertionError">
      <![CDATA[java.lang.AssertionError: 
at TestNGDemo.NopCommerceTests.testLogin(NopCommerceTests.java:69)
at java.base/java.util.ArrayList.forEach(ArrayList.java:1511)
... Removed 29 stack frames]]>
    </failure>
  </testcase> <!-- testLogin -->
  <testcase classname="TestNGDemo.NopCommerceTests" name="testLogout" time="0.0">
    <skipped/>
  </testcase> <!-- testLogout -->
</testsuite> <!-- Test -->
